<?xml version="1.0" encoding="UTF-8"?>
<!-- Generated by org.testng.reporters.JUnitReportReporter -->
<testsuite skipped="0" hostname="ip-172-31-91-3" name="test.LoginTest" tests="2" failures="0" timestamp="2021-11-08T05:24:46 UTC" time="3.073" errors="0">
  <testcase name="positivelogin" time="1.494" classname="test.LoginTest"/>
  <system-out/>
  <testcase name="negetivelogin" time="1.579" classname="test.LoginTest"/>
  <system-out/>
</testsuite> <!-- test.LoginTest -->
